<?xml version="1.0" encoding="UTF-8"?>
<!-- Generated by org.testng.reporters.JUnitXMLReporter -->
<testsuite hostname="DESKTOP-96U8LI5" ignored="0" name="AutomationEdge Test Cases " tests="3" failures="0" timestamp="27 Mar 2020 09:21:27 GMT" time="45.128" errors="0">
  <testcase name="loginPageTitleTest" time="0.047" classname="com.ae.qa.testcases.LoginPageTest"/>
  <testcase name="validateTenantsPageTitleTest" time="3.148" classname="com.ae.qa.testcases.TenantsPageTest"/>
  <testcase name="logInTest" time="0.723" classname="com.ae.qa.testcases.LoginPageTest"/>
</testsuite> <!-- AutomationEdge Test Cases  -->
