<?xml version="1.0" encoding="UTF-8"?>
<testng-results skipped="0" failed="0" ignored="0" total="1" passed="1">
  <reporter-output>
  </reporter-output>
  <suite name="Default suite" duration-ms="51313" started-at="2020-04-01T14:43:02Z" finished-at="2020-04-01T14:43:53Z">
    <groups>
    </groups>
    <test name="Default test" duration-ms="51313" started-at="2020-04-01T14:43:02Z" finished-at="2020-04-01T14:43:53Z">
      <class name="com.ae.qa.testcases.LoginPageTest">
        <test-method status="PASS" signature="setExtent()[pri:0, instance:com.ae.qa.testcases.LoginPageTest@35e2d654]" name="setExtent" is-config="true" duration-ms="1368" started-at="2020-04-01T14:43:02Z" finished-at="2020-04-01T14:43:03Z">
          <reporter-output>
          </reporter-output>
        </test-method> <!-- setExtent -->
        <test-method status="PASS" signature="initialization()[pri:0, instance:com.ae.qa.testcases.LoginPageTest@35e2d654]" name="initialization" is-config="true" duration-ms="41384" started-at="2020-04-01T14:43:03Z" finished-at="2020-04-01T14:43:44Z">
          <reporter-output>
          </reporter-output>
        </test-method> <!-- initialization -->
        <test-method status="PASS" signature="loginPageTitleTest()[pri:1, instance:com.ae.qa.testcases.LoginPageTest@35e2d654]" name="loginPageTitleTest" duration-ms="1821" started-at="2020-04-01T14:43:44Z" finished-at="2020-04-01T14:43:46Z">
          <reporter-output>
          </reporter-output>
        </test-method> <!-- loginPageTitleTest -->
        <test-method status="PASS" signature="getResult(org.testng.ITestResult)[pri:0, instance:com.ae.qa.testcases.LoginPageTest@35e2d654]" name="getResult" is-config="true" duration-ms="3881" started-at="2020-04-01T14:43:46Z" finished-at="2020-04-01T14:43:50Z">
          <params>
            <param index="0">
              <value>
                <![CDATA[[TestResult name=loginPageTitleTest status=SUCCESS method=LoginPageTest.loginPageTitleTest()[pri:1, instance:com.ae.qa.testcases.LoginPageTest@35e2d654] output={null}]]]>
              </value>
            </param>
          </params>
          <reporter-output>
          </reporter-output>
        </test-method> <!-- getResult -->
        <test-method status="PASS" signature="endReport()[pri:0, instance:com.ae.qa.testcases.LoginPageTest@35e2d654]" name="endReport" is-config="true" duration-ms="2788" started-at="2020-04-01T14:43:50Z" finished-at="2020-04-01T14:43:53Z">
          <reporter-output>
          </reporter-output>
        </test-method> <!-- endReport -->
      </class> <!-- com.ae.qa.testcases.LoginPageTest -->
    </test> <!-- Default test -->
  </suite> <!-- Default suite -->
</testng-results>
